   1              		.cpu cortex-m0
   2              		.eabi_attribute 20, 1
   3              		.eabi_attribute 21, 1
   4              		.eabi_attribute 23, 3
   5              		.eabi_attribute 24, 1
   6              		.eabi_attribute 25, 1
   7              		.eabi_attribute 26, 1
   8              		.eabi_attribute 30, 4
   9              		.eabi_attribute 34, 0
  10              		.eabi_attribute 18, 4
  11              		.file	"stm32f0_hal_nano.c"
  12              		.text
  13              	.Ltext0:
  14              		.cfi_sections	.debug_frame
  15              		.section	.text.platform_init,"ax",%progbits
  16              		.align	1
  17              		.global	platform_init
  18              		.arch armv6s-m
  19              		.syntax unified
  20              		.code	16
  21              		.thumb_func
  22              		.fpu softvfp
  24              	platform_init:
  25              	.LFB37:
  26              		.file 1 ".././hal/stm32f0_nano/stm32f0_hal_nano.c"
   1:.././hal/stm32f0_nano/stm32f0_hal_nano.c **** 
   2:.././hal/stm32f0_nano/stm32f0_hal_nano.c **** #include "stm32f0_hal.h"
   3:.././hal/stm32f0_nano/stm32f0_hal_nano.c **** #include "stm32f0_hal_lowlevel.h"
   4:.././hal/stm32f0_nano/stm32f0_hal_nano.c **** #include "stm32f0xx_hal_rcc.h"
   5:.././hal/stm32f0_nano/stm32f0_hal_nano.c **** #include "stm32f0xx_hal_gpio.h"
   6:.././hal/stm32f0_nano/stm32f0_hal_nano.c **** #include "stm32f0xx_hal_dma.h"
   7:.././hal/stm32f0_nano/stm32f0_hal_nano.c **** #include "stm32f0xx_hal_uart.h"
   8:.././hal/stm32f0_nano/stm32f0_hal_nano.c **** #include "stm32f0xx_hal_flash.h"
   9:.././hal/stm32f0_nano/stm32f0_hal_nano.c **** 
  10:.././hal/stm32f0_nano/stm32f0_hal_nano.c **** UART_HandleTypeDef UartHandle;
  11:.././hal/stm32f0_nano/stm32f0_hal_nano.c **** 
  12:.././hal/stm32f0_nano/stm32f0_hal_nano.c **** 
  13:.././hal/stm32f0_nano/stm32f0_hal_nano.c **** void platform_init(void)
  14:.././hal/stm32f0_nano/stm32f0_hal_nano.c **** {
  27              		.loc 1 14 1 view -0
  28              		.cfi_startproc
  29              		@ args = 0, pretend = 0, frame = 88
  30              		@ frame_needed = 0, uses_anonymous_args = 0
  15:.././hal/stm32f0_nano/stm32f0_hal_nano.c ****     /* LEDs */
  16:.././hal/stm32f0_nano/stm32f0_hal_nano.c ****     GPIO_InitTypeDef GpioInit;
  31              		.loc 1 16 5 view .LVU1
  17:.././hal/stm32f0_nano/stm32f0_hal_nano.c **** 	GpioInit.Pin       = GPIO_PIN_2;
  32              		.loc 1 17 2 view .LVU2
  14:.././hal/stm32f0_nano/stm32f0_hal_nano.c ****     /* LEDs */
  33              		.loc 1 14 1 is_stmt 0 view .LVU3
  34 0000 F0B5     		push	{r4, r5, r6, r7, lr}
  35              	.LCFI0:
  36              		.cfi_def_cfa_offset 20
  37              		.cfi_offset 4, -20
  38              		.cfi_offset 5, -16
  39              		.cfi_offset 6, -12
  40              		.cfi_offset 7, -8
  41              		.cfi_offset 14, -4
  18:.././hal/stm32f0_nano/stm32f0_hal_nano.c **** 	GpioInit.Mode      = GPIO_MODE_OUTPUT_PP;
  19:.././hal/stm32f0_nano/stm32f0_hal_nano.c **** 	GpioInit.Pull      = GPIO_NOPULL;
  20:.././hal/stm32f0_nano/stm32f0_hal_nano.c **** 	GpioInit.Speed     = GPIO_SPEED_FREQ_HIGH;
  21:.././hal/stm32f0_nano/stm32f0_hal_nano.c **** 	HAL_GPIO_Init(GPIOA, &GpioInit);
  42              		.loc 1 21 2 view .LVU4
  43 0002 9027     		movs	r7, #144
  19:.././hal/stm32f0_nano/stm32f0_hal_nano.c **** 	GpioInit.Speed     = GPIO_SPEED_FREQ_HIGH;
  44              		.loc 1 19 21 view .LVU5
  45 0004 0024     		movs	r4, #0
  18:.././hal/stm32f0_nano/stm32f0_hal_nano.c **** 	GpioInit.Mode      = GPIO_MODE_OUTPUT_PP;
  46              		.loc 1 18 21 view .LVU6
  47 0006 0125     		movs	r5, #1
  20:.././hal/stm32f0_nano/stm32f0_hal_nano.c **** 	HAL_GPIO_Init(GPIOA, &GpioInit);
  48              		.loc 1 20 21 view .LVU7
  49 0008 0326     		movs	r6, #3
  17:.././hal/stm32f0_nano/stm32f0_hal_nano.c **** 	GpioInit.Mode      = GPIO_MODE_OUTPUT_PP;
  50              		.loc 1 17 21 view .LVU8
  51 000a 0423     		movs	r3, #4
  14:.././hal/stm32f0_nano/stm32f0_hal_nano.c ****     /* LEDs */
  52              		.loc 1 14 1 view .LVU9
  53 000c 97B0     		sub	sp, sp, #92
  54              	.LCFI1:
  55              		.cfi_def_cfa_offset 112
  56              		.loc 1 21 2 view .LVU10
  57 000e FF05     		lsls	r7, r7, #23
  58 0010 3800     		movs	r0, r7
  59 0012 05A9     		add	r1, sp, #20
  17:.././hal/stm32f0_nano/stm32f0_hal_nano.c **** 	GpioInit.Mode      = GPIO_MODE_OUTPUT_PP;
  60              		.loc 1 17 21 view .LVU11
  61 0014 0593     		str	r3, [sp, #20]
  18:.././hal/stm32f0_nano/stm32f0_hal_nano.c **** 	GpioInit.Pull      = GPIO_NOPULL;
  62              		.loc 1 18 2 is_stmt 1 view .LVU12
  18:.././hal/stm32f0_nano/stm32f0_hal_nano.c **** 	GpioInit.Pull      = GPIO_NOPULL;
  63              		.loc 1 18 21 is_stmt 0 view .LVU13
  64 0016 0695     		str	r5, [sp, #24]
  19:.././hal/stm32f0_nano/stm32f0_hal_nano.c **** 	GpioInit.Speed     = GPIO_SPEED_FREQ_HIGH;
  65              		.loc 1 19 2 is_stmt 1 view .LVU14
  19:.././hal/stm32f0_nano/stm32f0_hal_nano.c **** 	GpioInit.Speed     = GPIO_SPEED_FREQ_HIGH;
  66              		.loc 1 19 21 is_stmt 0 view .LVU15
  67 0018 0794     		str	r4, [sp, #28]
  20:.././hal/stm32f0_nano/stm32f0_hal_nano.c **** 	HAL_GPIO_Init(GPIOA, &GpioInit);
  68              		.loc 1 20 2 is_stmt 1 view .LVU16
  20:.././hal/stm32f0_nano/stm32f0_hal_nano.c **** 	HAL_GPIO_Init(GPIOA, &GpioInit);
  69              		.loc 1 20 21 is_stmt 0 view .LVU17
  70 001a 0896     		str	r6, [sp, #32]
  71              		.loc 1 21 2 is_stmt 1 view .LVU18
  72 001c FFF7FEFF 		bl	HAL_GPIO_Init
  73              	.LVL0:
  22:.././hal/stm32f0_nano/stm32f0_hal_nano.c ****     
  23:.././hal/stm32f0_nano/stm32f0_hal_nano.c **** 	GpioInit.Pin       = GPIO_PIN_4;
  74              		.loc 1 23 2 view .LVU19
  75              		.loc 1 23 21 is_stmt 0 view .LVU20
  76 0020 1023     		movs	r3, #16
  24:.././hal/stm32f0_nano/stm32f0_hal_nano.c **** 	GpioInit.Mode      = GPIO_MODE_OUTPUT_PP;
  25:.././hal/stm32f0_nano/stm32f0_hal_nano.c **** 	GpioInit.Pull      = GPIO_NOPULL;
  26:.././hal/stm32f0_nano/stm32f0_hal_nano.c **** 	GpioInit.Speed     = GPIO_SPEED_FREQ_HIGH;
  27:.././hal/stm32f0_nano/stm32f0_hal_nano.c **** 	HAL_GPIO_Init(GPIOA, &GpioInit);
  77              		.loc 1 27 2 view .LVU21
  78 0022 05A9     		add	r1, sp, #20
  79 0024 3800     		movs	r0, r7
  23:.././hal/stm32f0_nano/stm32f0_hal_nano.c **** 	GpioInit.Mode      = GPIO_MODE_OUTPUT_PP;
  80              		.loc 1 23 21 view .LVU22
  81 0026 0593     		str	r3, [sp, #20]
  24:.././hal/stm32f0_nano/stm32f0_hal_nano.c **** 	GpioInit.Mode      = GPIO_MODE_OUTPUT_PP;
  82              		.loc 1 24 2 is_stmt 1 view .LVU23
  24:.././hal/stm32f0_nano/stm32f0_hal_nano.c **** 	GpioInit.Mode      = GPIO_MODE_OUTPUT_PP;
  83              		.loc 1 24 21 is_stmt 0 view .LVU24
  84 0028 0695     		str	r5, [sp, #24]
  25:.././hal/stm32f0_nano/stm32f0_hal_nano.c **** 	GpioInit.Speed     = GPIO_SPEED_FREQ_HIGH;
  85              		.loc 1 25 2 is_stmt 1 view .LVU25
  25:.././hal/stm32f0_nano/stm32f0_hal_nano.c **** 	GpioInit.Speed     = GPIO_SPEED_FREQ_HIGH;
  86              		.loc 1 25 21 is_stmt 0 view .LVU26
  87 002a 0794     		str	r4, [sp, #28]
  26:.././hal/stm32f0_nano/stm32f0_hal_nano.c **** 	HAL_GPIO_Init(GPIOA, &GpioInit);
  88              		.loc 1 26 2 is_stmt 1 view .LVU27
  26:.././hal/stm32f0_nano/stm32f0_hal_nano.c **** 	HAL_GPIO_Init(GPIOA, &GpioInit);
  89              		.loc 1 26 21 is_stmt 0 view .LVU28
  90 002c 0896     		str	r6, [sp, #32]
  91              		.loc 1 27 2 is_stmt 1 view .LVU29
  92 002e FFF7FEFF 		bl	HAL_GPIO_Init
  93              	.LVL1:
  28:.././hal/stm32f0_nano/stm32f0_hal_nano.c **** 
  29:.././hal/stm32f0_nano/stm32f0_hal_nano.c **** #ifdef USE_INTERNAL_CLK
  30:.././hal/stm32f0_nano/stm32f0_hal_nano.c ****   RCC_OscInitTypeDef RCC_OscInitStruct;
  31:.././hal/stm32f0_nano/stm32f0_hal_nano.c ****   RCC_OscInitStruct.OscillatorType = RCC_OSCILLATORTYPE_HSI;
  32:.././hal/stm32f0_nano/stm32f0_hal_nano.c ****   RCC_OscInitStruct.HSEState       = RCC_HSE_OFF;
  33:.././hal/stm32f0_nano/stm32f0_hal_nano.c ****   RCC_OscInitStruct.HSIState       = RCC_HSI_ON;
  34:.././hal/stm32f0_nano/stm32f0_hal_nano.c ****   RCC_OscInitStruct.PLL.PLLSource  = RCC_PLL_NONE;
  35:.././hal/stm32f0_nano/stm32f0_hal_nano.c ****   HAL_RCC_OscConfig(&RCC_OscInitStruct);
  36:.././hal/stm32f0_nano/stm32f0_hal_nano.c **** 
  37:.././hal/stm32f0_nano/stm32f0_hal_nano.c ****   RCC_ClkInitTypeDef RCC_ClkInitStruct;
  38:.././hal/stm32f0_nano/stm32f0_hal_nano.c ****   RCC_ClkInitStruct.ClockType      = (RCC_CLOCKTYPE_SYSCLK | RCC_CLOCKTYPE_HCLK | RCC_CLOCKTYPE_PCL
  39:.././hal/stm32f0_nano/stm32f0_hal_nano.c ****   RCC_ClkInitStruct.SYSCLKSource   = RCC_SYSCLKSOURCE_HSI;
  40:.././hal/stm32f0_nano/stm32f0_hal_nano.c ****   RCC_ClkInitStruct.AHBCLKDivider  = RCC_SYSCLK_DIV1;
  41:.././hal/stm32f0_nano/stm32f0_hal_nano.c ****   RCC_ClkInitStruct.APB1CLKDivider = RCC_HCLK_DIV1;
  42:.././hal/stm32f0_nano/stm32f0_hal_nano.c ****   RCC_ClkInitStruct.APB2CLKDivider = RCC_HCLK_DIV1;
  43:.././hal/stm32f0_nano/stm32f0_hal_nano.c ****   uint32_t flash_latency = 0;
  44:.././hal/stm32f0_nano/stm32f0_hal_nano.c ****   HAL_RCC_ClockConfig(&RCC_ClkInitStruct, flash_latency);
  45:.././hal/stm32f0_nano/stm32f0_hal_nano.c **** #else
  46:.././hal/stm32f0_nano/stm32f0_hal_nano.c **** 	RCC_OscInitTypeDef RCC_OscInitStruct;
  94              		.loc 1 46 2 view .LVU30
  47:.././hal/stm32f0_nano/stm32f0_hal_nano.c **** 	RCC_OscInitStruct.OscillatorType = RCC_OSCILLATORTYPE_HSE | RCC_OSCILLATORTYPE_HSI;
  95              		.loc 1 47 2 view .LVU31
  48:.././hal/stm32f0_nano/stm32f0_hal_nano.c **** 	RCC_OscInitStruct.HSEState       = RCC_HSE_BYPASS;
  96              		.loc 1 48 35 is_stmt 0 view .LVU32
  97 0032 0523     		movs	r3, #5
  49:.././hal/stm32f0_nano/stm32f0_hal_nano.c **** 	RCC_OscInitStruct.HSIState       = RCC_HSI_OFF;
  50:.././hal/stm32f0_nano/stm32f0_hal_nano.c **** 	RCC_OscInitStruct.PLL.PLLSource  = RCC_PLL_NONE;
  51:.././hal/stm32f0_nano/stm32f0_hal_nano.c **** 	HAL_RCC_OscConfig(&RCC_OscInitStruct);
  98              		.loc 1 51 2 view .LVU33
  99 0034 0AA8     		add	r0, sp, #40
  48:.././hal/stm32f0_nano/stm32f0_hal_nano.c **** 	RCC_OscInitStruct.HSEState       = RCC_HSE_BYPASS;
 100              		.loc 1 48 35 view .LVU34
 101 0036 0B93     		str	r3, [sp, #44]
  47:.././hal/stm32f0_nano/stm32f0_hal_nano.c **** 	RCC_OscInitStruct.HSEState       = RCC_HSE_BYPASS;
 102              		.loc 1 47 35 view .LVU35
 103 0038 0A96     		str	r6, [sp, #40]
  48:.././hal/stm32f0_nano/stm32f0_hal_nano.c **** 	RCC_OscInitStruct.HSEState       = RCC_HSE_BYPASS;
 104              		.loc 1 48 2 is_stmt 1 view .LVU36
  49:.././hal/stm32f0_nano/stm32f0_hal_nano.c **** 	RCC_OscInitStruct.HSIState       = RCC_HSI_OFF;
 105              		.loc 1 49 2 view .LVU37
  49:.././hal/stm32f0_nano/stm32f0_hal_nano.c **** 	RCC_OscInitStruct.HSIState       = RCC_HSI_OFF;
 106              		.loc 1 49 35 is_stmt 0 view .LVU38
 107 003a 0D94     		str	r4, [sp, #52]
  50:.././hal/stm32f0_nano/stm32f0_hal_nano.c **** 	HAL_RCC_OscConfig(&RCC_OscInitStruct);
 108              		.loc 1 50 2 is_stmt 1 view .LVU39
  50:.././hal/stm32f0_nano/stm32f0_hal_nano.c **** 	HAL_RCC_OscConfig(&RCC_OscInitStruct);
 109              		.loc 1 50 35 is_stmt 0 view .LVU40
 110 003c 1394     		str	r4, [sp, #76]
 111              		.loc 1 51 2 is_stmt 1 view .LVU41
 112 003e FFF7FEFF 		bl	HAL_RCC_OscConfig
 113              	.LVL2:
  52:.././hal/stm32f0_nano/stm32f0_hal_nano.c **** 
  53:.././hal/stm32f0_nano/stm32f0_hal_nano.c **** 	RCC_ClkInitTypeDef RCC_ClkInitStruct;
 114              		.loc 1 53 2 view .LVU42
  54:.././hal/stm32f0_nano/stm32f0_hal_nano.c **** 	RCC_ClkInitStruct.ClockType      = (RCC_CLOCKTYPE_SYSCLK | RCC_CLOCKTYPE_HCLK | RCC_CLOCKTYPE_PCLK
 115              		.loc 1 54 2 view .LVU43
 116              		.loc 1 54 35 is_stmt 0 view .LVU44
 117 0042 0723     		movs	r3, #7
  55:.././hal/stm32f0_nano/stm32f0_hal_nano.c **** 	RCC_ClkInitStruct.SYSCLKSource   = RCC_SYSCLKSOURCE_HSE;
  56:.././hal/stm32f0_nano/stm32f0_hal_nano.c **** 	RCC_ClkInitStruct.AHBCLKDivider  = RCC_SYSCLK_DIV1;
  57:.././hal/stm32f0_nano/stm32f0_hal_nano.c **** 	RCC_ClkInitStruct.APB1CLKDivider = RCC_HCLK_DIV1;
  58:.././hal/stm32f0_nano/stm32f0_hal_nano.c **** 	HAL_RCC_ClockConfig(&RCC_ClkInitStruct, FLASH_LATENCY_0);
 118              		.loc 1 58 2 view .LVU45
 119 0044 2100     		movs	r1, r4
 120 0046 01A8     		add	r0, sp, #4
  54:.././hal/stm32f0_nano/stm32f0_hal_nano.c **** 	RCC_ClkInitStruct.ClockType      = (RCC_CLOCKTYPE_SYSCLK | RCC_CLOCKTYPE_HCLK | RCC_CLOCKTYPE_PCLK
 121              		.loc 1 54 35 view .LVU46
 122 0048 0193     		str	r3, [sp, #4]
  55:.././hal/stm32f0_nano/stm32f0_hal_nano.c **** 	RCC_ClkInitStruct.SYSCLKSource   = RCC_SYSCLKSOURCE_HSE;
 123              		.loc 1 55 2 is_stmt 1 view .LVU47
  55:.././hal/stm32f0_nano/stm32f0_hal_nano.c **** 	RCC_ClkInitStruct.SYSCLKSource   = RCC_SYSCLKSOURCE_HSE;
 124              		.loc 1 55 35 is_stmt 0 view .LVU48
 125 004a 0295     		str	r5, [sp, #8]
  56:.././hal/stm32f0_nano/stm32f0_hal_nano.c **** 	RCC_ClkInitStruct.APB1CLKDivider = RCC_HCLK_DIV1;
 126              		.loc 1 56 2 is_stmt 1 view .LVU49
  56:.././hal/stm32f0_nano/stm32f0_hal_nano.c **** 	RCC_ClkInitStruct.APB1CLKDivider = RCC_HCLK_DIV1;
 127              		.loc 1 56 35 is_stmt 0 view .LVU50
 128 004c 0394     		str	r4, [sp, #12]
  57:.././hal/stm32f0_nano/stm32f0_hal_nano.c **** 	HAL_RCC_ClockConfig(&RCC_ClkInitStruct, FLASH_LATENCY_0);
 129              		.loc 1 57 2 is_stmt 1 view .LVU51
  57:.././hal/stm32f0_nano/stm32f0_hal_nano.c **** 	HAL_RCC_ClockConfig(&RCC_ClkInitStruct, FLASH_LATENCY_0);
 130              		.loc 1 57 35 is_stmt 0 view .LVU52
 131 004e 0494     		str	r4, [sp, #16]
 132              		.loc 1 58 2 is_stmt 1 view .LVU53
 133 0050 FFF7FEFF 		bl	HAL_RCC_ClockConfig
 134              	.LVL3:
  59:.././hal/stm32f0_nano/stm32f0_hal_nano.c **** #endif
  60:.././hal/stm32f0_nano/stm32f0_hal_nano.c **** }
 135              		.loc 1 60 1 is_stmt 0 view .LVU54
 136 0054 17B0     		add	sp, sp, #92
 137              		@ sp needed
 138 0056 F0BD     		pop	{r4, r5, r6, r7, pc}
 139              		.cfi_endproc
 140              	.LFE37:
 142              		.section	.text.init_uart,"ax",%progbits
 143              		.align	1
 144              		.global	init_uart
 145              		.syntax unified
 146              		.code	16
 147              		.thumb_func
 148              		.fpu softvfp
 150              	init_uart:
 151              	.LFB38:
  61:.././hal/stm32f0_nano/stm32f0_hal_nano.c **** 
  62:.././hal/stm32f0_nano/stm32f0_hal_nano.c **** void init_uart(void)
  63:.././hal/stm32f0_nano/stm32f0_hal_nano.c **** {
 152              		.loc 1 63 1 is_stmt 1 view -0
 153              		.cfi_startproc
 154              		@ args = 0, pretend = 0, frame = 32
 155              		@ frame_needed = 0, uses_anonymous_args = 0
  64:.././hal/stm32f0_nano/stm32f0_hal_nano.c **** 	__HAL_RCC_GPIOA_CLK_ENABLE();
 156              		.loc 1 64 2 view .LVU56
 157              	.LBB2:
 158              		.loc 1 64 2 view .LVU57
 159              		.loc 1 64 2 view .LVU58
 160 0000 8021     		movs	r1, #128
 161              	.LBE2:
  63:.././hal/stm32f0_nano/stm32f0_hal_nano.c **** 	__HAL_RCC_GPIOA_CLK_ENABLE();
 162              		.loc 1 63 1 is_stmt 0 view .LVU59
 163 0002 70B5     		push	{r4, r5, r6, lr}
 164              	.LCFI2:
 165              		.cfi_def_cfa_offset 16
 166              		.cfi_offset 4, -16
 167              		.cfi_offset 5, -12
 168              		.cfi_offset 6, -8
 169              		.cfi_offset 14, -4
 170              	.LBB3:
 171              		.loc 1 64 2 view .LVU60
 172 0004 1B4C     		ldr	r4, .L3
 173 0006 8902     		lsls	r1, r1, #10
 174 0008 6269     		ldr	r2, [r4, #20]
 175              	.LBE3:
  63:.././hal/stm32f0_nano/stm32f0_hal_nano.c **** 	__HAL_RCC_GPIOA_CLK_ENABLE();
 176              		.loc 1 63 1 view .LVU61
 177 000a 88B0     		sub	sp, sp, #32
 178              	.LCFI3:
 179              		.cfi_def_cfa_offset 48
 180              	.LBB4:
 181              		.loc 1 64 2 view .LVU62
 182 000c 0A43     		orrs	r2, r1
 183 000e 6261     		str	r2, [r4, #20]
 184              		.loc 1 64 2 is_stmt 1 view .LVU63
 185 0010 6369     		ldr	r3, [r4, #20]
 186              	.LBE4:
  65:.././hal/stm32f0_nano/stm32f0_hal_nano.c **** 	GPIO_InitTypeDef GpioInit;
  66:.././hal/stm32f0_nano/stm32f0_hal_nano.c **** 	GpioInit.Pin       = GPIO_PIN_9 | GPIO_PIN_10;
  67:.././hal/stm32f0_nano/stm32f0_hal_nano.c **** 	GpioInit.Mode      = GPIO_MODE_AF_PP;
  68:.././hal/stm32f0_nano/stm32f0_hal_nano.c **** 	GpioInit.Pull      = GPIO_PULLUP;
  69:.././hal/stm32f0_nano/stm32f0_hal_nano.c **** 	GpioInit.Speed     = GPIO_SPEED_FREQ_HIGH;
  70:.././hal/stm32f0_nano/stm32f0_hal_nano.c **** 	GpioInit.Alternate = GPIO_AF1_USART1;
  71:.././hal/stm32f0_nano/stm32f0_hal_nano.c **** 	HAL_GPIO_Init(GPIOA, &GpioInit);
 187              		.loc 1 71 2 is_stmt 0 view .LVU64
 188 0012 9020     		movs	r0, #144
 189              	.LBB5:
  64:.././hal/stm32f0_nano/stm32f0_hal_nano.c **** 	GPIO_InitTypeDef GpioInit;
 190              		.loc 1 64 2 view .LVU65
 191 0014 0B40     		ands	r3, r1
 192 0016 0193     		str	r3, [sp, #4]
  64:.././hal/stm32f0_nano/stm32f0_hal_nano.c **** 	GPIO_InitTypeDef GpioInit;
 193              		.loc 1 64 2 is_stmt 1 view .LVU66
 194 0018 019B     		ldr	r3, [sp, #4]
 195              	.LBE5:
  64:.././hal/stm32f0_nano/stm32f0_hal_nano.c **** 	GPIO_InitTypeDef GpioInit;
 196              		.loc 1 64 2 view .LVU67
  65:.././hal/stm32f0_nano/stm32f0_hal_nano.c **** 	GPIO_InitTypeDef GpioInit;
 197              		.loc 1 65 2 view .LVU68
  66:.././hal/stm32f0_nano/stm32f0_hal_nano.c **** 	GpioInit.Mode      = GPIO_MODE_AF_PP;
 198              		.loc 1 66 2 view .LVU69
  66:.././hal/stm32f0_nano/stm32f0_hal_nano.c **** 	GpioInit.Mode      = GPIO_MODE_AF_PP;
 199              		.loc 1 66 21 is_stmt 0 view .LVU70
 200 001a C023     		movs	r3, #192
 201 001c DB00     		lsls	r3, r3, #3
  68:.././hal/stm32f0_nano/stm32f0_hal_nano.c **** 	GpioInit.Speed     = GPIO_SPEED_FREQ_HIGH;
 202              		.loc 1 68 21 view .LVU71
 203 001e 0125     		movs	r5, #1
  69:.././hal/stm32f0_nano/stm32f0_hal_nano.c **** 	GpioInit.Alternate = GPIO_AF1_USART1;
 204              		.loc 1 69 21 view .LVU72
 205 0020 0326     		movs	r6, #3
  66:.././hal/stm32f0_nano/stm32f0_hal_nano.c **** 	GpioInit.Mode      = GPIO_MODE_AF_PP;
 206              		.loc 1 66 21 view .LVU73
 207 0022 0393     		str	r3, [sp, #12]
  67:.././hal/stm32f0_nano/stm32f0_hal_nano.c **** 	GpioInit.Pull      = GPIO_PULLUP;
 208              		.loc 1 67 2 is_stmt 1 view .LVU74
  67:.././hal/stm32f0_nano/stm32f0_hal_nano.c **** 	GpioInit.Pull      = GPIO_PULLUP;
 209              		.loc 1 67 21 is_stmt 0 view .LVU75
 210 0024 0223     		movs	r3, #2
 211              		.loc 1 71 2 view .LVU76
 212 0026 03A9     		add	r1, sp, #12
 213 0028 C005     		lsls	r0, r0, #23
  67:.././hal/stm32f0_nano/stm32f0_hal_nano.c **** 	GpioInit.Pull      = GPIO_PULLUP;
 214              		.loc 1 67 21 view .LVU77
 215 002a 0493     		str	r3, [sp, #16]
  68:.././hal/stm32f0_nano/stm32f0_hal_nano.c **** 	GpioInit.Speed     = GPIO_SPEED_FREQ_HIGH;
 216              		.loc 1 68 2 is_stmt 1 view .LVU78
  68:.././hal/stm32f0_nano/stm32f0_hal_nano.c **** 	GpioInit.Speed     = GPIO_SPEED_FREQ_HIGH;
 217              		.loc 1 68 21 is_stmt 0 view .LVU79
 218 002c 0595     		str	r5, [sp, #20]
  69:.././hal/stm32f0_nano/stm32f0_hal_nano.c **** 	GpioInit.Alternate = GPIO_AF1_USART1;
 219              		.loc 1 69 2 is_stmt 1 view .LVU80
  70:.././hal/stm32f0_nano/stm32f0_hal_nano.c **** 	HAL_GPIO_Init(GPIOA, &GpioInit);
 220              		.loc 1 70 21 is_stmt 0 view .LVU81
 221 002e 0795     		str	r5, [sp, #28]
  69:.././hal/stm32f0_nano/stm32f0_hal_nano.c **** 	GpioInit.Alternate = GPIO_AF1_USART1;
 222              		.loc 1 69 21 view .LVU82
 223 0030 0696     		str	r6, [sp, #24]
  70:.././hal/stm32f0_nano/stm32f0_hal_nano.c **** 	HAL_GPIO_Init(GPIOA, &GpioInit);
 224              		.loc 1 70 2 is_stmt 1 view .LVU83
 225              		.loc 1 71 2 view .LVU84
 226 0032 FFF7FEFF 		bl	HAL_GPIO_Init
 227              	.LVL4:
  72:.././hal/stm32f0_nano/stm32f0_hal_nano.c **** 
  73:.././hal/stm32f0_nano/stm32f0_hal_nano.c **** 	__HAL_RCC_USART1_CLK_ENABLE();
 228              		.loc 1 73 2 view .LVU85
 229              	.LBB6:
 230              		.loc 1 73 2 view .LVU86
 231              		.loc 1 73 2 view .LVU87
 232 0036 8021     		movs	r1, #128
 233 0038 A269     		ldr	r2, [r4, #24]
 234 003a C901     		lsls	r1, r1, #7
 235 003c 0A43     		orrs	r2, r1
 236 003e A261     		str	r2, [r4, #24]
 237              		.loc 1 73 2 view .LVU88
 238 0040 A369     		ldr	r3, [r4, #24]
 239              	.LBE6:
  74:.././hal/stm32f0_nano/stm32f0_hal_nano.c **** 	__HAL_RCC_USART1_CONFIG(RCC_USART1CLKSOURCE_SYSCLK);
  75:.././hal/stm32f0_nano/stm32f0_hal_nano.c **** 	UartHandle.Instance        = USART1;
 240              		.loc 1 75 29 is_stmt 0 view .LVU89
 241 0042 0D48     		ldr	r0, .L3+4
 242              	.LBB7:
  73:.././hal/stm32f0_nano/stm32f0_hal_nano.c **** 	__HAL_RCC_USART1_CONFIG(RCC_USART1CLKSOURCE_SYSCLK);
 243              		.loc 1 73 2 view .LVU90
 244 0044 0B40     		ands	r3, r1
 245 0046 0293     		str	r3, [sp, #8]
  73:.././hal/stm32f0_nano/stm32f0_hal_nano.c **** 	__HAL_RCC_USART1_CONFIG(RCC_USART1CLKSOURCE_SYSCLK);
 246              		.loc 1 73 2 is_stmt 1 view .LVU91
 247 0048 029B     		ldr	r3, [sp, #8]
 248              	.LBE7:
  73:.././hal/stm32f0_nano/stm32f0_hal_nano.c **** 	__HAL_RCC_USART1_CONFIG(RCC_USART1CLKSOURCE_SYSCLK);
 249              		.loc 1 73 2 view .LVU92
  74:.././hal/stm32f0_nano/stm32f0_hal_nano.c **** 	__HAL_RCC_USART1_CONFIG(RCC_USART1CLKSOURCE_SYSCLK);
 250              		.loc 1 74 2 view .LVU93
 251 004a 236B     		ldr	r3, [r4, #48]
 252 004c B343     		bics	r3, r6
 253 004e 1D43     		orrs	r5, r3
 254              		.loc 1 75 29 is_stmt 0 view .LVU94
 255 0050 0A4B     		ldr	r3, .L3+8
  74:.././hal/stm32f0_nano/stm32f0_hal_nano.c **** 	__HAL_RCC_USART1_CONFIG(RCC_USART1CLKSOURCE_SYSCLK);
 256              		.loc 1 74 2 view .LVU95
 257 0052 2563     		str	r5, [r4, #48]
 258              		.loc 1 75 2 is_stmt 1 view .LVU96
 259              		.loc 1 75 29 is_stmt 0 view .LVU97
 260 0054 0360     		str	r3, [r0]
  76:.././hal/stm32f0_nano/stm32f0_hal_nano.c ****   #if SS_VER==SS_VER_2_1
  77:.././hal/stm32f0_nano/stm32f0_hal_nano.c ****   UartHandle.Init.BaudRate   = 230400;
  78:.././hal/stm32f0_nano/stm32f0_hal_nano.c ****   #else
  79:.././hal/stm32f0_nano/stm32f0_hal_nano.c ****   UartHandle.Init.BaudRate   = 38400;
 261              		.loc 1 79 3 is_stmt 1 view .LVU98
 262              		.loc 1 79 30 is_stmt 0 view .LVU99
 263 0056 9623     		movs	r3, #150
 264 0058 1B02     		lsls	r3, r3, #8
 265 005a 4360     		str	r3, [r0, #4]
  80:.././hal/stm32f0_nano/stm32f0_hal_nano.c ****   #endif
  81:.././hal/stm32f0_nano/stm32f0_hal_nano.c **** 	UartHandle.Init.WordLength = UART_WORDLENGTH_8B;
 266              		.loc 1 81 2 is_stmt 1 view .LVU100
 267              		.loc 1 81 29 is_stmt 0 view .LVU101
 268 005c 0023     		movs	r3, #0
 269 005e 8360     		str	r3, [r0, #8]
  82:.././hal/stm32f0_nano/stm32f0_hal_nano.c **** 	UartHandle.Init.StopBits   = UART_STOPBITS_1;
 270              		.loc 1 82 2 is_stmt 1 view .LVU102
 271              		.loc 1 82 29 is_stmt 0 view .LVU103
 272 0060 C360     		str	r3, [r0, #12]
  83:.././hal/stm32f0_nano/stm32f0_hal_nano.c **** 	UartHandle.Init.Parity     = UART_PARITY_NONE;
 273              		.loc 1 83 2 is_stmt 1 view .LVU104
 274              		.loc 1 83 29 is_stmt 0 view .LVU105
 275 0062 0361     		str	r3, [r0, #16]
  84:.././hal/stm32f0_nano/stm32f0_hal_nano.c **** 	UartHandle.Init.HwFlowCtl  = UART_HWCONTROL_NONE;
 276              		.loc 1 84 2 is_stmt 1 view .LVU106
 277              		.loc 1 84 29 is_stmt 0 view .LVU107
 278 0064 8361     		str	r3, [r0, #24]
  85:.././hal/stm32f0_nano/stm32f0_hal_nano.c **** 	UartHandle.Init.Mode       = UART_MODE_TX_RX;
 279              		.loc 1 85 2 is_stmt 1 view .LVU108
 280              		.loc 1 85 29 is_stmt 0 view .LVU109
 281 0066 0C33     		adds	r3, r3, #12
 282 0068 4361     		str	r3, [r0, #20]
  86:.././hal/stm32f0_nano/stm32f0_hal_nano.c **** 	HAL_UART_Init(&UartHandle);
 283              		.loc 1 86 2 is_stmt 1 view .LVU110
 284 006a FFF7FEFF 		bl	HAL_UART_Init
 285              	.LVL5:
  87:.././hal/stm32f0_nano/stm32f0_hal_nano.c **** }
 286              		.loc 1 87 1 is_stmt 0 view .LVU111
 287 006e 08B0     		add	sp, sp, #32
 288              		@ sp needed
 289 0070 70BD     		pop	{r4, r5, r6, pc}
 290              	.L4:
 291 0072 C046     		.align	2
 292              	.L3:
 293 0074 00100240 		.word	1073876992
 294 0078 00000000 		.word	.LANCHOR0
 295 007c 00380140 		.word	1073821696
 296              		.cfi_endproc
 297              	.LFE38:
 299              		.section	.text.trigger_setup,"ax",%progbits
 300              		.align	1
 301              		.global	trigger_setup
 302              		.syntax unified
 303              		.code	16
 304              		.thumb_func
 305              		.fpu softvfp
 307              	trigger_setup:
 308              	.LFB39:
  88:.././hal/stm32f0_nano/stm32f0_hal_nano.c **** 
  89:.././hal/stm32f0_nano/stm32f0_hal_nano.c **** void trigger_setup(void)
  90:.././hal/stm32f0_nano/stm32f0_hal_nano.c **** {
 309              		.loc 1 90 1 is_stmt 1 view -0
 310              		.cfi_startproc
 311              		@ args = 0, pretend = 0, frame = 24
 312              		@ frame_needed = 0, uses_anonymous_args = 0
  91:.././hal/stm32f0_nano/stm32f0_hal_nano.c **** 	__HAL_RCC_GPIOA_CLK_ENABLE();
 313              		.loc 1 91 2 view .LVU113
 314              	.LBB8:
 315              		.loc 1 91 2 view .LVU114
 316              		.loc 1 91 2 view .LVU115
 317 0000 8020     		movs	r0, #128
 318 0002 1E4A     		ldr	r2, .L6
 319              	.LBE8:
  90:.././hal/stm32f0_nano/stm32f0_hal_nano.c **** 	__HAL_RCC_GPIOA_CLK_ENABLE();
 320              		.loc 1 90 1 is_stmt 0 view .LVU116
 321 0004 F0B5     		push	{r4, r5, r6, r7, lr}
 322              	.LCFI4:
 323              		.cfi_def_cfa_offset 20
 324              		.cfi_offset 4, -20
 325              		.cfi_offset 5, -16
 326              		.cfi_offset 6, -12
 327              		.cfi_offset 7, -8
 328              		.cfi_offset 14, -4
 329              	.LBB9:
 330              		.loc 1 91 2 view .LVU117
 331 0006 5169     		ldr	r1, [r2, #20]
 332 0008 8002     		lsls	r0, r0, #10
 333 000a 0143     		orrs	r1, r0
 334 000c 5161     		str	r1, [r2, #20]
 335              		.loc 1 91 2 is_stmt 1 view .LVU118
 336 000e 5369     		ldr	r3, [r2, #20]
 337              	.LBE9:
  90:.././hal/stm32f0_nano/stm32f0_hal_nano.c **** 	__HAL_RCC_GPIOA_CLK_ENABLE();
 338              		.loc 1 90 1 is_stmt 0 view .LVU119
 339 0010 87B0     		sub	sp, sp, #28
 340              	.LCFI5:
 341              		.cfi_def_cfa_offset 48
 342              	.LBB10:
 343              		.loc 1 91 2 view .LVU120
 344 0012 0340     		ands	r3, r0
 345              	.LBE10:
  92:.././hal/stm32f0_nano/stm32f0_hal_nano.c **** 	
  93:.././hal/stm32f0_nano/stm32f0_hal_nano.c **** 	GPIO_InitTypeDef GpioInit;
  94:.././hal/stm32f0_nano/stm32f0_hal_nano.c **** 	GpioInit.Pin       = GPIO_PIN_7;
  95:.././hal/stm32f0_nano/stm32f0_hal_nano.c **** 	GpioInit.Mode      = GPIO_MODE_OUTPUT_PP;
  96:.././hal/stm32f0_nano/stm32f0_hal_nano.c **** 	GpioInit.Pull      = GPIO_NOPULL;
  97:.././hal/stm32f0_nano/stm32f0_hal_nano.c **** 	GpioInit.Speed     = GPIO_SPEED_FREQ_HIGH;
  98:.././hal/stm32f0_nano/stm32f0_hal_nano.c **** 	HAL_GPIO_Init(GPIOA, &GpioInit);
 346              		.loc 1 98 2 view .LVU121
 347 0014 9024     		movs	r4, #144
 348              	.LBB11:
  91:.././hal/stm32f0_nano/stm32f0_hal_nano.c **** 	
 349              		.loc 1 91 2 view .LVU122
 350 0016 0093     		str	r3, [sp]
  91:.././hal/stm32f0_nano/stm32f0_hal_nano.c **** 	
 351              		.loc 1 91 2 is_stmt 1 view .LVU123
 352              	.LBE11:
  95:.././hal/stm32f0_nano/stm32f0_hal_nano.c **** 	GpioInit.Pull      = GPIO_NOPULL;
 353              		.loc 1 95 21 is_stmt 0 view .LVU124
 354 0018 0125     		movs	r5, #1
  96:.././hal/stm32f0_nano/stm32f0_hal_nano.c **** 	GpioInit.Speed     = GPIO_SPEED_FREQ_HIGH;
 355              		.loc 1 96 21 view .LVU125
 356 001a 0026     		movs	r6, #0
  97:.././hal/stm32f0_nano/stm32f0_hal_nano.c **** 	HAL_GPIO_Init(GPIOA, &GpioInit);
 357              		.loc 1 97 21 view .LVU126
 358 001c 0327     		movs	r7, #3
 359              	.LBB12:
  91:.././hal/stm32f0_nano/stm32f0_hal_nano.c **** 	
 360              		.loc 1 91 2 view .LVU127
 361 001e 009B     		ldr	r3, [sp]
 362              	.LBE12:
  91:.././hal/stm32f0_nano/stm32f0_hal_nano.c **** 	
 363              		.loc 1 91 2 is_stmt 1 view .LVU128
  93:.././hal/stm32f0_nano/stm32f0_hal_nano.c **** 	GpioInit.Pin       = GPIO_PIN_7;
 364              		.loc 1 93 2 view .LVU129
  94:.././hal/stm32f0_nano/stm32f0_hal_nano.c **** 	GpioInit.Mode      = GPIO_MODE_OUTPUT_PP;
 365              		.loc 1 94 2 view .LVU130
  94:.././hal/stm32f0_nano/stm32f0_hal_nano.c **** 	GpioInit.Mode      = GPIO_MODE_OUTPUT_PP;
 366              		.loc 1 94 21 is_stmt 0 view .LVU131
 367 0020 8023     		movs	r3, #128
 368              		.loc 1 98 2 view .LVU132
 369 0022 E405     		lsls	r4, r4, #23
 370 0024 2000     		movs	r0, r4
 371 0026 01A9     		add	r1, sp, #4
  94:.././hal/stm32f0_nano/stm32f0_hal_nano.c **** 	GpioInit.Mode      = GPIO_MODE_OUTPUT_PP;
 372              		.loc 1 94 21 view .LVU133
 373 0028 0193     		str	r3, [sp, #4]
  95:.././hal/stm32f0_nano/stm32f0_hal_nano.c **** 	GpioInit.Pull      = GPIO_NOPULL;
 374              		.loc 1 95 2 is_stmt 1 view .LVU134
  95:.././hal/stm32f0_nano/stm32f0_hal_nano.c **** 	GpioInit.Pull      = GPIO_NOPULL;
 375              		.loc 1 95 21 is_stmt 0 view .LVU135
 376 002a 0295     		str	r5, [sp, #8]
  96:.././hal/stm32f0_nano/stm32f0_hal_nano.c **** 	GpioInit.Speed     = GPIO_SPEED_FREQ_HIGH;
 377              		.loc 1 96 2 is_stmt 1 view .LVU136
  96:.././hal/stm32f0_nano/stm32f0_hal_nano.c **** 	GpioInit.Speed     = GPIO_SPEED_FREQ_HIGH;
 378              		.loc 1 96 21 is_stmt 0 view .LVU137
 379 002c 0396     		str	r6, [sp, #12]
  97:.././hal/stm32f0_nano/stm32f0_hal_nano.c **** 	HAL_GPIO_Init(GPIOA, &GpioInit);
 380              		.loc 1 97 2 is_stmt 1 view .LVU138
  97:.././hal/stm32f0_nano/stm32f0_hal_nano.c **** 	HAL_GPIO_Init(GPIOA, &GpioInit);
 381              		.loc 1 97 21 is_stmt 0 view .LVU139
 382 002e 0497     		str	r7, [sp, #16]
 383              		.loc 1 98 2 is_stmt 1 view .LVU140
 384 0030 FFF7FEFF 		bl	HAL_GPIO_Init
 385              	.LVL6:
  99:.././hal/stm32f0_nano/stm32f0_hal_nano.c **** 
 100:.././hal/stm32f0_nano/stm32f0_hal_nano.c **** 	GpioInit.Pin       = GPIO_PIN_4;
 386              		.loc 1 100 2 view .LVU141
 387              		.loc 1 100 21 is_stmt 0 view .LVU142
 388 0034 1023     		movs	r3, #16
 101:.././hal/stm32f0_nano/stm32f0_hal_nano.c **** 	GpioInit.Mode      = GPIO_MODE_OUTPUT_PP;
 102:.././hal/stm32f0_nano/stm32f0_hal_nano.c **** 	GpioInit.Pull      = GPIO_NOPULL;
 103:.././hal/stm32f0_nano/stm32f0_hal_nano.c **** 	GpioInit.Speed     = GPIO_SPEED_FREQ_HIGH;
 104:.././hal/stm32f0_nano/stm32f0_hal_nano.c **** 	HAL_GPIO_Init(GPIOA, &GpioInit);
 389              		.loc 1 104 2 view .LVU143
 390 0036 2000     		movs	r0, r4
 391 0038 01A9     		add	r1, sp, #4
 100:.././hal/stm32f0_nano/stm32f0_hal_nano.c **** 	GpioInit.Mode      = GPIO_MODE_OUTPUT_PP;
 392              		.loc 1 100 21 view .LVU144
 393 003a 0193     		str	r3, [sp, #4]
 101:.././hal/stm32f0_nano/stm32f0_hal_nano.c **** 	GpioInit.Mode      = GPIO_MODE_OUTPUT_PP;
 394              		.loc 1 101 2 is_stmt 1 view .LVU145
 101:.././hal/stm32f0_nano/stm32f0_hal_nano.c **** 	GpioInit.Mode      = GPIO_MODE_OUTPUT_PP;
 395              		.loc 1 101 21 is_stmt 0 view .LVU146
 396 003c 0295     		str	r5, [sp, #8]
 102:.././hal/stm32f0_nano/stm32f0_hal_nano.c **** 	GpioInit.Speed     = GPIO_SPEED_FREQ_HIGH;
 397              		.loc 1 102 2 is_stmt 1 view .LVU147
 102:.././hal/stm32f0_nano/stm32f0_hal_nano.c **** 	GpioInit.Speed     = GPIO_SPEED_FREQ_HIGH;
 398              		.loc 1 102 21 is_stmt 0 view .LVU148
 399 003e 0396     		str	r6, [sp, #12]
 103:.././hal/stm32f0_nano/stm32f0_hal_nano.c **** 	HAL_GPIO_Init(GPIOA, &GpioInit);
 400              		.loc 1 103 2 is_stmt 1 view .LVU149
 103:.././hal/stm32f0_nano/stm32f0_hal_nano.c **** 	HAL_GPIO_Init(GPIOA, &GpioInit);
 401              		.loc 1 103 21 is_stmt 0 view .LVU150
 402 0040 0497     		str	r7, [sp, #16]
 403              		.loc 1 104 2 is_stmt 1 view .LVU151
 404 0042 FFF7FEFF 		bl	HAL_GPIO_Init
 405              	.LVL7:
 105:.././hal/stm32f0_nano/stm32f0_hal_nano.c **** 
 106:.././hal/stm32f0_nano/stm32f0_hal_nano.c **** 	GpioInit.Pin       = GPIO_PIN_2;
 406              		.loc 1 106 2 view .LVU152
 407              		.loc 1 106 21 is_stmt 0 view .LVU153
 408 0046 0423     		movs	r3, #4
 107:.././hal/stm32f0_nano/stm32f0_hal_nano.c **** 	GpioInit.Mode      = GPIO_MODE_OUTPUT_PP;
 108:.././hal/stm32f0_nano/stm32f0_hal_nano.c **** 	GpioInit.Pull      = GPIO_NOPULL;
 109:.././hal/stm32f0_nano/stm32f0_hal_nano.c **** 	GpioInit.Speed     = GPIO_SPEED_FREQ_HIGH;
 110:.././hal/stm32f0_nano/stm32f0_hal_nano.c **** 	HAL_GPIO_Init(GPIOA, &GpioInit);
 409              		.loc 1 110 2 view .LVU154
 410 0048 2000     		movs	r0, r4
 411 004a 01A9     		add	r1, sp, #4
 106:.././hal/stm32f0_nano/stm32f0_hal_nano.c **** 	GpioInit.Mode      = GPIO_MODE_OUTPUT_PP;
 412              		.loc 1 106 21 view .LVU155
 413 004c 0193     		str	r3, [sp, #4]
 107:.././hal/stm32f0_nano/stm32f0_hal_nano.c **** 	GpioInit.Mode      = GPIO_MODE_OUTPUT_PP;
 414              		.loc 1 107 2 is_stmt 1 view .LVU156
 107:.././hal/stm32f0_nano/stm32f0_hal_nano.c **** 	GpioInit.Mode      = GPIO_MODE_OUTPUT_PP;
 415              		.loc 1 107 21 is_stmt 0 view .LVU157
 416 004e 0295     		str	r5, [sp, #8]
 108:.././hal/stm32f0_nano/stm32f0_hal_nano.c **** 	GpioInit.Speed     = GPIO_SPEED_FREQ_HIGH;
 417              		.loc 1 108 2 is_stmt 1 view .LVU158
 108:.././hal/stm32f0_nano/stm32f0_hal_nano.c **** 	GpioInit.Speed     = GPIO_SPEED_FREQ_HIGH;
 418              		.loc 1 108 21 is_stmt 0 view .LVU159
 419 0050 0396     		str	r6, [sp, #12]
 109:.././hal/stm32f0_nano/stm32f0_hal_nano.c **** 	HAL_GPIO_Init(GPIOA, &GpioInit);
 420              		.loc 1 109 2 is_stmt 1 view .LVU160
 109:.././hal/stm32f0_nano/stm32f0_hal_nano.c **** 	HAL_GPIO_Init(GPIOA, &GpioInit);
 421              		.loc 1 109 21 is_stmt 0 view .LVU161
 422 0052 0497     		str	r7, [sp, #16]
 423              		.loc 1 110 2 is_stmt 1 view .LVU162
 424 0054 FFF7FEFF 		bl	HAL_GPIO_Init
 425              	.LVL8:
 111:.././hal/stm32f0_nano/stm32f0_hal_nano.c **** 	
 112:.././hal/stm32f0_nano/stm32f0_hal_nano.c **** 	HAL_GPIO_WritePin(GPIOA, GPIO_PIN_7, RESET);
 426              		.loc 1 112 2 view .LVU163
 427 0058 3200     		movs	r2, r6
 428 005a 2000     		movs	r0, r4
 429 005c 8021     		movs	r1, #128
 430 005e FFF7FEFF 		bl	HAL_GPIO_WritePin
 431              	.LVL9:
 113:.././hal/stm32f0_nano/stm32f0_hal_nano.c **** 	HAL_GPIO_WritePin(GPIOA, GPIO_PIN_4, SET);
 432              		.loc 1 113 2 view .LVU164
 433 0062 2A00     		movs	r2, r5
 434 0064 2000     		movs	r0, r4
 435 0066 1021     		movs	r1, #16
 436 0068 FFF7FEFF 		bl	HAL_GPIO_WritePin
 437              	.LVL10:
 114:.././hal/stm32f0_nano/stm32f0_hal_nano.c **** 	HAL_GPIO_WritePin(GPIOA, GPIO_PIN_2, SET);
 438              		.loc 1 114 2 view .LVU165
 439 006c 2A00     		movs	r2, r5
 440 006e 0421     		movs	r1, #4
 441 0070 2000     		movs	r0, r4
 442 0072 FFF7FEFF 		bl	HAL_GPIO_WritePin
 443              	.LVL11:
 115:.././hal/stm32f0_nano/stm32f0_hal_nano.c **** }
 444              		.loc 1 115 1 is_stmt 0 view .LVU166
 445 0076 07B0     		add	sp, sp, #28
 446              		@ sp needed
 447 0078 F0BD     		pop	{r4, r5, r6, r7, pc}
 448              	.L7:
 449 007a C046     		.align	2
 450              	.L6:
 451 007c 00100240 		.word	1073876992
 452              		.cfi_endproc
 453              	.LFE39:
 455              		.section	.text.trigger_high,"ax",%progbits
 456              		.align	1
 457              		.global	trigger_high
 458              		.syntax unified
 459              		.code	16
 460              		.thumb_func
 461              		.fpu softvfp
 463              	trigger_high:
 464              	.LFB40:
 116:.././hal/stm32f0_nano/stm32f0_hal_nano.c **** 
 117:.././hal/stm32f0_nano/stm32f0_hal_nano.c **** void trigger_high(void)
 118:.././hal/stm32f0_nano/stm32f0_hal_nano.c **** {
 465              		.loc 1 118 1 is_stmt 1 view -0
 466              		.cfi_startproc
 467              		@ args = 0, pretend = 0, frame = 0
 468              		@ frame_needed = 0, uses_anonymous_args = 0
 119:.././hal/stm32f0_nano/stm32f0_hal_nano.c **** 	HAL_GPIO_WritePin(GPIOA, GPIO_PIN_7, SET);
 469              		.loc 1 119 2 view .LVU168
 470 0000 9020     		movs	r0, #144
 118:.././hal/stm32f0_nano/stm32f0_hal_nano.c **** 	HAL_GPIO_WritePin(GPIOA, GPIO_PIN_7, SET);
 471              		.loc 1 118 1 is_stmt 0 view .LVU169
 472 0002 10B5     		push	{r4, lr}
 473              	.LCFI6:
 474              		.cfi_def_cfa_offset 8
 475              		.cfi_offset 4, -8
 476              		.cfi_offset 14, -4
 477              		.loc 1 119 2 view .LVU170
 478 0004 0122     		movs	r2, #1
 120:.././hal/stm32f0_nano/stm32f0_hal_nano.c **** }
 479              		.loc 1 120 1 view .LVU171
 480              		@ sp needed
 119:.././hal/stm32f0_nano/stm32f0_hal_nano.c **** 	HAL_GPIO_WritePin(GPIOA, GPIO_PIN_7, SET);
 481              		.loc 1 119 2 view .LVU172
 482 0006 8021     		movs	r1, #128
 483 0008 C005     		lsls	r0, r0, #23
 484 000a FFF7FEFF 		bl	HAL_GPIO_WritePin
 485              	.LVL12:
 486              		.loc 1 120 1 view .LVU173
 487 000e 10BD     		pop	{r4, pc}
 488              		.cfi_endproc
 489              	.LFE40:
 491              		.section	.text.trigger_low,"ax",%progbits
 492              		.align	1
 493              		.global	trigger_low
 494              		.syntax unified
 495              		.code	16
 496              		.thumb_func
 497              		.fpu softvfp
 499              	trigger_low:
 500              	.LFB41:
 121:.././hal/stm32f0_nano/stm32f0_hal_nano.c **** 
 122:.././hal/stm32f0_nano/stm32f0_hal_nano.c **** void trigger_low(void)
 123:.././hal/stm32f0_nano/stm32f0_hal_nano.c **** {
 501              		.loc 1 123 1 is_stmt 1 view -0
 502              		.cfi_startproc
 503              		@ args = 0, pretend = 0, frame = 0
 504              		@ frame_needed = 0, uses_anonymous_args = 0
 124:.././hal/stm32f0_nano/stm32f0_hal_nano.c **** 	HAL_GPIO_WritePin(GPIOA, GPIO_PIN_7, RESET);
 505              		.loc 1 124 2 view .LVU175
 506 0000 9020     		movs	r0, #144
 123:.././hal/stm32f0_nano/stm32f0_hal_nano.c **** 	HAL_GPIO_WritePin(GPIOA, GPIO_PIN_7, RESET);
 507              		.loc 1 123 1 is_stmt 0 view .LVU176
 508 0002 10B5     		push	{r4, lr}
 509              	.LCFI7:
 510              		.cfi_def_cfa_offset 8
 511              		.cfi_offset 4, -8
 512              		.cfi_offset 14, -4
 513              		.loc 1 124 2 view .LVU177
 514 0004 0022     		movs	r2, #0
 125:.././hal/stm32f0_nano/stm32f0_hal_nano.c **** }   
 515              		.loc 1 125 1 view .LVU178
 516              		@ sp needed
 124:.././hal/stm32f0_nano/stm32f0_hal_nano.c **** 	HAL_GPIO_WritePin(GPIOA, GPIO_PIN_7, RESET);
 517              		.loc 1 124 2 view .LVU179
 518 0006 8021     		movs	r1, #128
 519 0008 C005     		lsls	r0, r0, #23
 520 000a FFF7FEFF 		bl	HAL_GPIO_WritePin
 521              	.LVL13:
 522              		.loc 1 125 1 view .LVU180
 523 000e 10BD     		pop	{r4, pc}
 524              		.cfi_endproc
 525              	.LFE41:
 527              		.section	.text.getch,"ax",%progbits
 528              		.align	1
 529              		.global	getch
 530              		.syntax unified
 531              		.code	16
 532              		.thumb_func
 533              		.fpu softvfp
 535              	getch:
 536              	.LFB42:
 126:.././hal/stm32f0_nano/stm32f0_hal_nano.c **** 
 127:.././hal/stm32f0_nano/stm32f0_hal_nano.c **** char getch(void)
 128:.././hal/stm32f0_nano/stm32f0_hal_nano.c **** {
 537              		.loc 1 128 1 is_stmt 1 view -0
 538              		.cfi_startproc
 539              		@ args = 0, pretend = 0, frame = 8
 540              		@ frame_needed = 0, uses_anonymous_args = 0
 129:.././hal/stm32f0_nano/stm32f0_hal_nano.c **** 	uint8_t d;
 541              		.loc 1 129 2 view .LVU182
 130:.././hal/stm32f0_nano/stm32f0_hal_nano.c **** 	while(HAL_UART_Receive(&UartHandle, &d, 1, 50) != HAL_OK)
 542              		.loc 1 130 2 view .LVU183
 128:.././hal/stm32f0_nano/stm32f0_hal_nano.c **** 	uint8_t d;
 543              		.loc 1 128 1 is_stmt 0 view .LVU184
 544 0000 37B5     		push	{r0, r1, r2, r4, r5, lr}
 545              	.LCFI8:
 546              		.cfi_def_cfa_offset 24
 547              		.cfi_offset 0, -24
 548              		.cfi_offset 1, -20
 549              		.cfi_offset 2, -16
 550              		.cfi_offset 4, -12
 551              		.cfi_offset 5, -8
 552              		.cfi_offset 14, -4
 131:.././hal/stm32f0_nano/stm32f0_hal_nano.c **** 		USART1->ICR |= (1 << 3); // make sure overrun error is cleared, otherwise can stall here
 553              		.loc 1 131 15 view .LVU185
 554 0002 0825     		movs	r5, #8
 555              	.L11:
 130:.././hal/stm32f0_nano/stm32f0_hal_nano.c **** 	while(HAL_UART_Receive(&UartHandle, &d, 1, 50) != HAL_OK)
 556              		.loc 1 130 7 is_stmt 1 view .LVU186
 130:.././hal/stm32f0_nano/stm32f0_hal_nano.c **** 	while(HAL_UART_Receive(&UartHandle, &d, 1, 50) != HAL_OK)
 557              		.loc 1 130 8 is_stmt 0 view .LVU187
 558 0004 6B46     		mov	r3, sp
 559 0006 DC1D     		adds	r4, r3, #7
 560 0008 0122     		movs	r2, #1
 561 000a 3223     		movs	r3, #50
 562 000c 2100     		movs	r1, r4
 563 000e 0648     		ldr	r0, .L13
 564 0010 FFF7FEFF 		bl	HAL_UART_Receive
 565              	.LVL14:
 130:.././hal/stm32f0_nano/stm32f0_hal_nano.c **** 	while(HAL_UART_Receive(&UartHandle, &d, 1, 50) != HAL_OK)
 566              		.loc 1 130 7 view .LVU188
 567 0014 0028     		cmp	r0, #0
 568 0016 01D1     		bne	.L12
 132:.././hal/stm32f0_nano/stm32f0_hal_nano.c **** 	return d;
 569              		.loc 1 132 2 is_stmt 1 view .LVU189
 133:.././hal/stm32f0_nano/stm32f0_hal_nano.c **** }
 570              		.loc 1 133 1 is_stmt 0 view .LVU190
 571              		@ sp needed
 132:.././hal/stm32f0_nano/stm32f0_hal_nano.c **** 	return d;
 572              		.loc 1 132 9 view .LVU191
 573 0018 2078     		ldrb	r0, [r4]
 574              		.loc 1 133 1 view .LVU192
 575 001a 3EBD     		pop	{r1, r2, r3, r4, r5, pc}
 576              	.L12:
 131:.././hal/stm32f0_nano/stm32f0_hal_nano.c **** 		USART1->ICR |= (1 << 3); // make sure overrun error is cleared, otherwise can stall here
 577              		.loc 1 131 3 is_stmt 1 view .LVU193
 131:.././hal/stm32f0_nano/stm32f0_hal_nano.c **** 		USART1->ICR |= (1 << 3); // make sure overrun error is cleared, otherwise can stall here
 578              		.loc 1 131 15 is_stmt 0 view .LVU194
 579 001c 034A     		ldr	r2, .L13+4
 580 001e 136A     		ldr	r3, [r2, #32]
 581 0020 2B43     		orrs	r3, r5
 582 0022 1362     		str	r3, [r2, #32]
 583 0024 EEE7     		b	.L11
 584              	.L14:
 585 0026 C046     		.align	2
 586              	.L13:
 587 0028 00000000 		.word	.LANCHOR0
 588 002c 00380140 		.word	1073821696
 589              		.cfi_endproc
 590              	.LFE42:
 592              		.section	.text.putch,"ax",%progbits
 593              		.align	1
 594              		.global	putch
 595              		.syntax unified
 596              		.code	16
 597              		.thumb_func
 598              		.fpu softvfp
 600              	putch:
 601              	.LVL15:
 602              	.LFB43:
 134:.././hal/stm32f0_nano/stm32f0_hal_nano.c **** 
 135:.././hal/stm32f0_nano/stm32f0_hal_nano.c **** void putch(char c)
 136:.././hal/stm32f0_nano/stm32f0_hal_nano.c **** {
 603              		.loc 1 136 1 is_stmt 1 view -0
 604              		.cfi_startproc
 605              		@ args = 0, pretend = 0, frame = 8
 606              		@ frame_needed = 0, uses_anonymous_args = 0
 137:.././hal/stm32f0_nano/stm32f0_hal_nano.c **** 	uint8_t d  = c;
 607              		.loc 1 137 2 view .LVU196
 136:.././hal/stm32f0_nano/stm32f0_hal_nano.c **** 	uint8_t d  = c;
 608              		.loc 1 136 1 is_stmt 0 view .LVU197
 609 0000 07B5     		push	{r0, r1, r2, lr}
 610              	.LCFI9:
 611              		.cfi_def_cfa_offset 16
 612              		.cfi_offset 0, -16
 613              		.cfi_offset 1, -12
 614              		.cfi_offset 2, -8
 615              		.cfi_offset 14, -4
 616              		.loc 1 137 10 view .LVU198
 617 0002 6B46     		mov	r3, sp
 138:.././hal/stm32f0_nano/stm32f0_hal_nano.c **** 	HAL_UART_Transmit(&UartHandle,  &d, 1, 5000);
 139:.././hal/stm32f0_nano/stm32f0_hal_nano.c **** }
 618              		.loc 1 139 1 view .LVU199
 619              		@ sp needed
 137:.././hal/stm32f0_nano/stm32f0_hal_nano.c **** 	HAL_UART_Transmit(&UartHandle,  &d, 1, 5000);
 620              		.loc 1 137 10 view .LVU200
 621 0004 D91D     		adds	r1, r3, #7
 622 0006 0870     		strb	r0, [r1]
 138:.././hal/stm32f0_nano/stm32f0_hal_nano.c **** 	HAL_UART_Transmit(&UartHandle,  &d, 1, 5000);
 623              		.loc 1 138 2 is_stmt 1 view .LVU201
 624 0008 0122     		movs	r2, #1
 625 000a 024B     		ldr	r3, .L16
 626 000c 0248     		ldr	r0, .L16+4
 627              	.LVL16:
 138:.././hal/stm32f0_nano/stm32f0_hal_nano.c **** 	HAL_UART_Transmit(&UartHandle,  &d, 1, 5000);
 628              		.loc 1 138 2 is_stmt 0 view .LVU202
 629 000e FFF7FEFF 		bl	HAL_UART_Transmit
 630              	.LVL17:
 631              		.loc 1 139 1 view .LVU203
 632 0012 07BD     		pop	{r0, r1, r2, pc}
 633              	.L17:
 634              		.align	2
 635              	.L16:
 636 0014 88130000 		.word	5000
 637 0018 00000000 		.word	.LANCHOR0
 638              		.cfi_endproc
 639              	.LFE43:
 641              		.section	.text.led_error,"ax",%progbits
 642              		.align	1
 643              		.global	led_error
 644              		.syntax unified
 645              		.code	16
 646              		.thumb_func
 647              		.fpu softvfp
 649              	led_error:
 650              	.LVL18:
 651              	.LFB44:
 140:.././hal/stm32f0_nano/stm32f0_hal_nano.c **** 
 141:.././hal/stm32f0_nano/stm32f0_hal_nano.c **** 
 142:.././hal/stm32f0_nano/stm32f0_hal_nano.c **** void led_error(unsigned int status)
 143:.././hal/stm32f0_nano/stm32f0_hal_nano.c **** {
 652              		.loc 1 143 1 is_stmt 1 view -0
 653              		.cfi_startproc
 654              		@ args = 0, pretend = 0, frame = 0
 655              		@ frame_needed = 0, uses_anonymous_args = 0
 144:.././hal/stm32f0_nano/stm32f0_hal_nano.c **** 	HAL_GPIO_WritePin(GPIOA, GPIO_PIN_4, status);
 656              		.loc 1 144 2 view .LVU205
 657 0000 C2B2     		uxtb	r2, r0
 658 0002 9020     		movs	r0, #144
 659              	.LVL19:
 143:.././hal/stm32f0_nano/stm32f0_hal_nano.c **** 	HAL_GPIO_WritePin(GPIOA, GPIO_PIN_4, status);
 660              		.loc 1 143 1 is_stmt 0 view .LVU206
 661 0004 10B5     		push	{r4, lr}
 662              	.LCFI10:
 663              		.cfi_def_cfa_offset 8
 664              		.cfi_offset 4, -8
 665              		.cfi_offset 14, -4
 666              		.loc 1 144 2 view .LVU207
 667 0006 1021     		movs	r1, #16
 145:.././hal/stm32f0_nano/stm32f0_hal_nano.c **** }
 668              		.loc 1 145 1 view .LVU208
 669              		@ sp needed
 144:.././hal/stm32f0_nano/stm32f0_hal_nano.c **** 	HAL_GPIO_WritePin(GPIOA, GPIO_PIN_4, status);
 670              		.loc 1 144 2 view .LVU209
 671 0008 C005     		lsls	r0, r0, #23
 672 000a FFF7FEFF 		bl	HAL_GPIO_WritePin
 673              	.LVL20:
 674              		.loc 1 145 1 view .LVU210
 675 000e 10BD     		pop	{r4, pc}
 676              		.cfi_endproc
 677              	.LFE44:
 679              		.section	.text.led_ok,"ax",%progbits
 680              		.align	1
 681              		.global	led_ok
 682              		.syntax unified
 683              		.code	16
 684              		.thumb_func
 685              		.fpu softvfp
 687              	led_ok:
 688              	.LVL21:
 689              	.LFB45:
 146:.././hal/stm32f0_nano/stm32f0_hal_nano.c **** 
 147:.././hal/stm32f0_nano/stm32f0_hal_nano.c **** void led_ok(unsigned int status)
 148:.././hal/stm32f0_nano/stm32f0_hal_nano.c **** {
 690              		.loc 1 148 1 is_stmt 1 view -0
 691              		.cfi_startproc
 692              		@ args = 0, pretend = 0, frame = 0
 693              		@ frame_needed = 0, uses_anonymous_args = 0
 149:.././hal/stm32f0_nano/stm32f0_hal_nano.c **** 	HAL_GPIO_WritePin(GPIOA, GPIO_PIN_2, status);
 694              		.loc 1 149 2 view .LVU212
 695 0000 C2B2     		uxtb	r2, r0
 696 0002 9020     		movs	r0, #144
 697              	.LVL22:
 148:.././hal/stm32f0_nano/stm32f0_hal_nano.c **** 	HAL_GPIO_WritePin(GPIOA, GPIO_PIN_2, status);
 698              		.loc 1 148 1 is_stmt 0 view .LVU213
 699 0004 10B5     		push	{r4, lr}
 700              	.LCFI11:
 701              		.cfi_def_cfa_offset 8
 702              		.cfi_offset 4, -8
 703              		.cfi_offset 14, -4
 704              		.loc 1 149 2 view .LVU214
 705 0006 0421     		movs	r1, #4
 150:.././hal/stm32f0_nano/stm32f0_hal_nano.c **** }
 706              		.loc 1 150 1 view .LVU215
 707              		@ sp needed
 149:.././hal/stm32f0_nano/stm32f0_hal_nano.c **** 	HAL_GPIO_WritePin(GPIOA, GPIO_PIN_2, status);
 708              		.loc 1 149 2 view .LVU216
 709 0008 C005     		lsls	r0, r0, #23
 710 000a FFF7FEFF 		bl	HAL_GPIO_WritePin
 711              	.LVL23:
 712              		.loc 1 150 1 view .LVU217
 713 000e 10BD     		pop	{r4, pc}
 714              		.cfi_endproc
 715              	.LFE45:
 717              		.global	UartHandle
 718              		.bss
 719              		.align	2
 720              		.set	.LANCHOR0,. + 0
 723              	UartHandle:
 724 0000 00000000 		.space	112
 724      00000000 
 724      00000000 
 724      00000000 
 724      00000000 
 725              		.text
 726              	.Letext0:
 727              		.file 2 "/usr/lib/gcc/arm-none-eabi/10.3.1/include/stdint.h"
 728              		.file 3 ".././hal/stm32f0/CMSIS/device/stm32f030x6.h"
 729              		.file 4 ".././hal/stm32f0/CMSIS/device/stm32f0xx.h"
 730              		.file 5 ".././hal/stm32f0/stm32f0xx_hal_def.h"
 731              		.file 6 ".././hal/stm32f0/stm32f0xx_hal_rcc.h"
 732              		.file 7 ".././hal/stm32f0/stm32f0xx_hal_gpio.h"
 733              		.file 8 ".././hal/stm32f0/stm32f0xx_hal_dma.h"
 734              		.file 9 ".././hal/stm32f0/stm32f0xx_hal_uart.h"
DEFINED SYMBOLS
                            *ABS*:0000000000000000 stm32f0_hal_nano.c
     /tmp/ccNkn6sP.s:16     .text.platform_init:0000000000000000 $t
     /tmp/ccNkn6sP.s:24     .text.platform_init:0000000000000000 platform_init
     /tmp/ccNkn6sP.s:143    .text.init_uart:0000000000000000 $t
     /tmp/ccNkn6sP.s:150    .text.init_uart:0000000000000000 init_uart
     /tmp/ccNkn6sP.s:293    .text.init_uart:0000000000000074 $d
     /tmp/ccNkn6sP.s:300    .text.trigger_setup:0000000000000000 $t
     /tmp/ccNkn6sP.s:307    .text.trigger_setup:0000000000000000 trigger_setup
     /tmp/ccNkn6sP.s:451    .text.trigger_setup:000000000000007c $d
     /tmp/ccNkn6sP.s:456    .text.trigger_high:0000000000000000 $t
     /tmp/ccNkn6sP.s:463    .text.trigger_high:0000000000000000 trigger_high
     /tmp/ccNkn6sP.s:492    .text.trigger_low:0000000000000000 $t
     /tmp/ccNkn6sP.s:499    .text.trigger_low:0000000000000000 trigger_low
     /tmp/ccNkn6sP.s:528    .text.getch:0000000000000000 $t
     /tmp/ccNkn6sP.s:535    .text.getch:0000000000000000 getch
     /tmp/ccNkn6sP.s:587    .text.getch:0000000000000028 $d
     /tmp/ccNkn6sP.s:593    .text.putch:0000000000000000 $t
     /tmp/ccNkn6sP.s:600    .text.putch:0000000000000000 putch
     /tmp/ccNkn6sP.s:636    .text.putch:0000000000000014 $d
     /tmp/ccNkn6sP.s:642    .text.led_error:0000000000000000 $t
     /tmp/ccNkn6sP.s:649    .text.led_error:0000000000000000 led_error
     /tmp/ccNkn6sP.s:680    .text.led_ok:0000000000000000 $t
     /tmp/ccNkn6sP.s:687    .text.led_ok:0000000000000000 led_ok
     /tmp/ccNkn6sP.s:723    .bss:0000000000000000 UartHandle
     /tmp/ccNkn6sP.s:719    .bss:0000000000000000 $d

UNDEFINED SYMBOLS
HAL_GPIO_Init
HAL_RCC_OscConfig
HAL_RCC_ClockConfig
HAL_UART_Init
HAL_GPIO_WritePin
HAL_UART_Receive
HAL_UART_Transmit
